# JRE version: OpenJDK Runtime Environment Temurin-17.0.7+7 (17.0.7+7) (build 17.0.7+7)
# Java VM: OpenJDK 64-Bit Server VM Temurin-17.0.7+7 (17.0.7+7, mixed mode, tiered, compressed oops, compressed class ptrs, parallel gc, windows-amd64)
GC Precious Log:
 CPUs: 8 total, 8 available
 Memory: 16129M
 Large Page Support: Disabled
 NUMA Support: Disabled
 Compressed Oops: Enabled (32-bit)
 Alignments: Space 512K, Generation 512K, Heap 2M
 Heap Min Capacity: 100M
 Heap Initial Capacity: 100M
 Heap Max Capacity: 1G
 Pre-touch: Disabled
 Parallel Workers: 8
Heap:
 PSYoungGen      total 23552K, used 2293K [0x00000000eab00000, 0x00000000ec580000, 0x0000000100000000)
  eden space 22016K, 3% used [0x00000000eab00000,0x00000000eabbfa60,0x00000000ec080000)
  from space 1536K, 99% used [0x00000000ec400000,0x00000000ec57dd18,0x00000000ec580000)
  to   space 2048K, 0% used [0x00000000ec200000,0x00000000ec200000,0x00000000ec400000)
 ParOldGen       total 68608K, used 19939K [0x00000000c0000000, 0x00000000c4300000, 0x00000000eab00000)
  object space 68608K, 29% used [0x00000000c0000000,0x00000000c1378d48,0x00000000c4300000)
 Metaspace       used 47737K, committed 48640K, reserved 1114112K
  class space    used 5216K, committed 5632K, reserved 1048576K
GC Heap History (20 events):
Event: 1.959 GC heap before
{Heap before GC invocations=6 (full 1):
 PSYoungGen      total 29696K, used 25600K [0x00000000eab00000, 0x00000000ecc00000, 0x0000000100000000)
  eden space 25600K, 100% used [0x00000000eab00000,0x00000000ec400000,0x00000000ec400000)
  from space 4096K, 0% used [0x00000000ec800000,0x00000000ec800000,0x00000000ecc00000)
  to   space 4096K, 0% used [0x00000000ec400000,0x00000000ec400000,0x00000000ec800000)
 ParOldGen       total 68608K, used 8075K [0x00000000c0000000, 0x00000000c4300000, 0x00000000eab00000)
  object space 68608K, 11% used [0x00000000c0000000,0x00000000c07e2cd8,0x00000000c4300000)
 Metaspace       used 24179K, committed 24832K, reserved 1114112K
  class space    used 2536K, committed 2816K, reserved 1048576K
}
Event: 1.960 GC heap after
{Heap after GC invocations=6 (full 1):
 PSYoungGen      total 27648K, used 2347K [0x00000000eab00000, 0x00000000eca80000, 0x0000000100000000)
  eden space 25088K, 0% used [0x00000000eab00000,0x00000000eab00000,0x00000000ec380000)
  from space 2560K, 91% used [0x00000000ec400000,0x00000000ec64aef8,0x00000000ec680000)
  to   space 3584K, 0% used [0x00000000ec700000,0x00000000ec700000,0x00000000eca80000)
 ParOldGen       total 68608K, used 8083K [0x00000000c0000000, 0x00000000c4300000, 0x00000000eab00000)
  object space 68608K, 11% used [0x00000000c0000000,0x00000000c07e4cd8,0x00000000c4300000)
 Metaspace       used 24179K, committed 24832K, reserved 1114112K
  class space    used 2536K, committed 2816K, reserved 1048576K
}
Event: 2.093 GC heap before
{Heap before GC invocations=7 (full 1):
 PSYoungGen      total 27648K, used 27435K [0x00000000eab00000, 0x00000000eca80000, 0x0000000100000000)
  eden space 25088K, 100% used [0x00000000eab00000,0x00000000ec380000,0x00000000ec380000)
  from space 2560K, 91% used [0x00000000ec400000,0x00000000ec64aef8,0x00000000ec680000)
  to   space 3584K, 0% used [0x00000000ec700000,0x00000000ec700000,0x00000000eca80000)
 ParOldGen       total 68608K, used 8083K [0x00000000c0000000, 0x00000000c4300000, 0x00000000eab00000)
  object space 68608K, 11% used [0x00000000c0000000,0x00000000c07e4cd8,0x00000000c4300000)
 Metaspace       used 27495K, committed 28160K, reserved 1114112K
  class space    used 2770K, committed 3072K, reserved 1048576K
}
Event: 2.095 GC heap after
{Heap after GC invocations=7 (full 1):
 PSYoungGen      total 28160K, used 3086K [0x00000000eab00000, 0x00000000eca80000, 0x0000000100000000)
  eden space 24576K, 0% used [0x00000000eab00000,0x00000000eab00000,0x00000000ec300000)
  from space 3584K, 86% used [0x00000000ec700000,0x00000000eca03aa8,0x00000000eca80000)
  to   space 3584K, 0% used [0x00000000ec380000,0x00000000ec380000,0x00000000ec700000)
 ParOldGen       total 68608K, used 8091K [0x00000000c0000000, 0x00000000c4300000, 0x00000000eab00000)
  object space 68608K, 11% used [0x00000000c0000000,0x00000000c07e6cd8,0x00000000c4300000)
 Metaspace       used 27495K, committed 28160K, reserved 1114112K
  class space    used 2770K, committed 3072K, reserved 1048576K
}
Event: 2.220 GC heap before
{Heap before GC invocations=8 (full 1):
 PSYoungGen      total 28160K, used 27662K [0x00000000eab00000, 0x00000000eca80000, 0x0000000100000000)
  eden space 24576K, 100% used [0x00000000eab00000,0x00000000ec300000,0x00000000ec300000)
  from space 3584K, 86% used [0x00000000ec700000,0x00000000eca03aa8,0x00000000eca80000)
  to   space 3584K, 0% used [0x00000000ec380000,0x00000000ec380000,0x00000000ec700000)
 ParOldGen       total 68608K, used 8091K [0x00000000c0000000, 0x00000000c4300000, 0x00000000eab00000)
  object space 68608K, 11% used [0x00000000c0000000,0x00000000c07e6cd8,0x00000000c4300000)
 Metaspace       used 30149K, committed 30848K, reserved 1114112K
  class space    used 2978K, committed 3264K, reserved 1048576K
}
Event: 2.221 GC heap after
{Heap after GC invocations=8 (full 1):
 PSYoungGen      total 27648K, used 3581K [0x00000000eab00000, 0x00000000eca80000, 0x0000000100000000)
  eden space 24064K, 0% used [0x00000000eab00000,0x00000000eab00000,0x00000000ec280000)
  from space 3584K, 99% used [0x00000000ec380000,0x00000000ec6ff518,0x00000000ec700000)
  to   space 3584K, 0% used [0x00000000ec700000,0x00000000ec700000,0x00000000eca80000)
 ParOldGen       total 68608K, used 8123K [0x00000000c0000000, 0x00000000c4300000, 0x00000000eab00000)
  object space 68608K, 11% used [0x00000000c0000000,0x00000000c07eecd8,0x00000000c4300000)
 Metaspace       used 30149K, committed 30848K, reserved 1114112K
  class space    used 2978K, committed 3264K, reserved 1048576K
}
Event: 2.772 GC heap before
{Heap before GC invocations=9 (full 1):
 PSYoungGen      total 27648K, used 27645K [0x00000000eab00000, 0x00000000eca80000, 0x0000000100000000)
  eden space 24064K, 100% used [0x00000000eab00000,0x00000000ec280000,0x00000000ec280000)
  from space 3584K, 99% used [0x00000000ec380000,0x00000000ec6ff518,0x00000000ec700000)
  to   space 3584K, 0% used [0x00000000ec700000,0x00000000ec700000,0x00000000eca80000)
 ParOldGen       total 68608K, used 8123K [0x00000000c0000000, 0x00000000c4300000, 0x00000000eab00000)
  object space 68608K, 11% used [0x00000000c0000000,0x00000000c07eecd8,0x00000000c4300000)
 Metaspace       used 34324K, committed 35136K, reserved 1114112K
  class space    used 3446K, committed 3776K, reserved 1048576K
}
Event: 2.775 GC heap after
{Heap after GC invocations=9 (full 1):
 PSYoungGen      total 26112K, used 3569K [0x00000000eab00000, 0x00000000ece00000, 0x0000000100000000)
  eden space 22528K, 0% used [0x00000000eab00000,0x00000000eab00000,0x00000000ec100000)
  from space 3584K, 99% used [0x00000000ec700000,0x00000000eca7c788,0x00000000eca80000)
  to   space 6144K, 0% used [0x00000000ec100000,0x00000000ec100000,0x00000000ec700000)
 ParOldGen       total 68608K, used 10047K [0x00000000c0000000, 0x00000000c4300000, 0x00000000eab00000)
  object space 68608K, 14% used [0x00000000c0000000,0x00000000c09cfe48,0x00000000c4300000)
 Metaspace       used 34324K, committed 35136K, reserved 1114112K
  class space    used 3446K, committed 3776K, reserved 1048576K
}
Event: 2.837 GC heap before
{Heap before GC invocations=10 (full 1):
 PSYoungGen      total 26112K, used 8907K [0x00000000eab00000, 0x00000000ece00000, 0x0000000100000000)
  eden space 22528K, 23% used [0x00000000eab00000,0x00000000eb036480,0x00000000ec100000)
  from space 3584K, 99% used [0x00000000ec700000,0x00000000eca7c788,0x00000000eca80000)
  to   space 6144K, 0% used [0x00000000ec100000,0x00000000ec100000,0x00000000ec700000)
 ParOldGen       total 68608K, used 10047K [0x00000000c0000000, 0x00000000c4300000, 0x00000000eab00000)
  object space 68608K, 14% used [0x00000000c0000000,0x00000000c09cfe48,0x00000000c4300000)
 Metaspace       used 35040K, committed 35840K, reserved 1114112K
  class space    used 3560K, committed 3904K, reserved 1048576K
}
Event: 2.838 GC heap after
{Heap after GC invocations=10 (full 1):
 PSYoungGen      total 24576K, used 1696K [0x00000000eab00000, 0x00000000ec900000, 0x0000000100000000)
  eden space 22528K, 0% used [0x00000000eab00000,0x00000000eab00000,0x00000000ec100000)
  from space 2048K, 82% used [0x00000000ec100000,0x00000000ec2a8118,0x00000000ec300000)
  to   space 3584K, 0% used [0x00000000ec580000,0x00000000ec580000,0x00000000ec900000)
 ParOldGen       total 68608K, used 12246K [0x00000000c0000000, 0x00000000c4300000, 0x00000000eab00000)
  object space 68608K, 17% used [0x00000000c0000000,0x00000000c0bf5b38,0x00000000c4300000)
 Metaspace       used 35040K, committed 35840K, reserved 1114112K
  class space    used 3560K, committed 3904K, reserved 1048576K
}
Event: 2.838 GC heap before
{Heap before GC invocations=11 (full 2):
 PSYoungGen      total 24576K, used 1696K [0x00000000eab00000, 0x00000000ec900000, 0x0000000100000000)
  eden space 22528K, 0% used [0x00000000eab00000,0x00000000eab00000,0x00000000ec100000)
  from space 2048K, 82% used [0x00000000ec100000,0x00000000ec2a8118,0x00000000ec300000)
  to   space 3584K, 0% used [0x00000000ec580000,0x00000000ec580000,0x00000000ec900000)
 ParOldGen       total 68608K, used 12246K [0x00000000c0000000, 0x00000000c4300000, 0x00000000eab00000)
  object space 68608K, 17% used [0x00000000c0000000,0x00000000c0bf5b38,0x00000000c4300000)
 Metaspace       used 35040K, committed 35840K, reserved 1114112K
  class space    used 3560K, committed 3904K, reserved 1048576K
}
Event: 2.854 GC heap after
{Heap after GC invocations=11 (full 2):
 PSYoungGen      total 24576K, used 0K [0x00000000eab00000, 0x00000000ec900000, 0x0000000100000000)
  eden space 22528K, 0% used [0x00000000eab00000,0x00000000eab00000,0x00000000ec100000)
  from space 2048K, 0% used [0x00000000ec100000,0x00000000ec100000,0x00000000ec300000)
  to   space 3584K, 0% used [0x00000000ec580000,0x00000000ec580000,0x00000000ec900000)
 ParOldGen       total 68608K, used 13628K [0x00000000c0000000, 0x00000000c4300000, 0x00000000eab00000)
  object space 68608K, 19% used [0x00000000c0000000,0x00000000c0d4f238,0x00000000c4300000)
 Metaspace       used 35040K, committed 35840K, reserved 1114112K
  class space    used 3560K, committed 3904K, reserved 1048576K
}
Event: 3.045 GC heap before
{Heap before GC invocations=12 (full 2):
 PSYoungGen      total 24576K, used 22528K [0x00000000eab00000, 0x00000000ec900000, 0x0000000100000000)
  eden space 22528K, 100% used [0x00000000eab00000,0x00000000ec100000,0x00000000ec100000)
  from space 2048K, 0% used [0x00000000ec100000,0x00000000ec100000,0x00000000ec300000)
  to   space 3584K, 0% used [0x00000000ec580000,0x00000000ec580000,0x00000000ec900000)
 ParOldGen       total 68608K, used 13628K [0x00000000c0000000, 0x00000000c4300000, 0x00000000eab00000)
  object space 68608K, 19% used [0x00000000c0000000,0x00000000c0d4f238,0x00000000c4300000)
 Metaspace       used 38519K, committed 39360K, reserved 1114112K
  class space    used 4031K, committed 4416K, reserved 1048576K
}
Event: 3.046 GC heap after
{Heap after GC invocations=12 (full 2):
 PSYoungGen      total 23552K, used 1056K [0x00000000eab00000, 0x00000000ec700000, 0x0000000100000000)
  eden space 22016K, 0% used [0x00000000eab00000,0x00000000eab00000,0x00000000ec080000)
  from space 1536K, 68% used [0x00000000ec580000,0x00000000ec688000,0x00000000ec700000)
  to   space 1536K, 0% used [0x00000000ec400000,0x00000000ec400000,0x00000000ec580000)
 ParOldGen       total 68608K, used 13636K [0x00000000c0000000, 0x00000000c4300000, 0x00000000eab00000)
  object space 68608K, 19% used [0x00000000c0000000,0x00000000c0d51238,0x00000000c4300000)
 Metaspace       used 38519K, committed 39360K, reserved 1114112K
  class space    used 4031K, committed 4416K, reserved 1048576K
}
Event: 3.238 GC heap before
{Heap before GC invocations=13 (full 2):
 PSYoungGen      total 23552K, used 23072K [0x00000000eab00000, 0x00000000ec700000, 0x0000000100000000)
  eden space 22016K, 100% used [0x00000000eab00000,0x00000000ec080000,0x00000000ec080000)
  from space 1536K, 68% used [0x00000000ec580000,0x00000000ec688000,0x00000000ec700000)
  to   space 1536K, 0% used [0x00000000ec400000,0x00000000ec400000,0x00000000ec580000)
 ParOldGen       total 68608K, used 13636K [0x00000000c0000000, 0x00000000c4300000, 0x00000000eab00000)
  object space 68608K, 19% used [0x00000000c0000000,0x00000000c0d51238,0x00000000c4300000)
 Metaspace       used 40277K, committed 41152K, reserved 1114112K
  class space    used 4268K, committed 4672K, reserved 1048576K
}
Event: 3.239 GC heap after
{Heap after GC invocations=13 (full 2):
 PSYoungGen      total 23040K, used 672K [0x00000000eab00000, 0x00000000ec600000, 0x0000000100000000)
  eden space 22016K, 0% used [0x00000000eab00000,0x00000000eab00000,0x00000000ec080000)
  from space 1024K, 65% used [0x00000000ec400000,0x00000000ec4a8000,0x00000000ec500000)
  to   space 1024K, 0% used [0x00000000ec500000,0x00000000ec500000,0x00000000ec600000)
 ParOldGen       total 68608K, used 14553K [0x00000000c0000000, 0x00000000c4300000, 0x00000000eab00000)
  object space 68608K, 21% used [0x00000000c0000000,0x00000000c0e36428,0x00000000c4300000)
 Metaspace       used 40277K, committed 41152K, reserved 1114112K
  class space    used 4268K, committed 4672K, reserved 1048576K
}
Event: 3.481 GC heap before
{Heap before GC invocations=14 (full 2):
 PSYoungGen      total 23040K, used 22688K [0x00000000eab00000, 0x00000000ec600000, 0x0000000100000000)
  eden space 22016K, 100% used [0x00000000eab00000,0x00000000ec080000,0x00000000ec080000)
  from space 1024K, 65% used [0x00000000ec400000,0x00000000ec4a8000,0x00000000ec500000)
  to   space 1024K, 0% used [0x00000000ec500000,0x00000000ec500000,0x00000000ec600000)
 ParOldGen       total 68608K, used 14553K [0x00000000c0000000, 0x00000000c4300000, 0x00000000eab00000)
  object space 68608K, 21% used [0x00000000c0000000,0x00000000c0e36428,0x00000000c4300000)
 Metaspace       used 42948K, committed 43840K, reserved 1114112K
  class space    used 4620K, committed 4992K, reserved 1048576K
}
Event: 3.482 GC heap after
{Heap after GC invocations=14 (full 2):
 PSYoungGen      total 23040K, used 1024K [0x00000000eab00000, 0x00000000ec600000, 0x0000000100000000)
  eden space 22016K, 0% used [0x00000000eab00000,0x00000000eab00000,0x00000000ec080000)
  from space 1024K, 100% used [0x00000000ec500000,0x00000000ec600000,0x00000000ec600000)
  to   space 2048K, 0% used [0x00000000ec200000,0x00000000ec200000,0x00000000ec400000)
 ParOldGen       total 68608K, used 15113K [0x00000000c0000000, 0x00000000c4300000, 0x00000000eab00000)
  object space 68608K, 22% used [0x00000000c0000000,0x00000000c0ec2428,0x00000000c4300000)
 Metaspace       used 42948K, committed 43840K, reserved 1114112K
  class space    used 4620K, committed 4992K, reserved 1048576K
}
Event: 3.831 GC heap before
{Heap before GC invocations=15 (full 2):
 PSYoungGen      total 23040K, used 23040K [0x00000000eab00000, 0x00000000ec600000, 0x0000000100000000)
  eden space 22016K, 100% used [0x00000000eab00000,0x00000000ec080000,0x00000000ec080000)
  from space 1024K, 100% used [0x00000000ec500000,0x00000000ec600000,0x00000000ec600000)
  to   space 2048K, 0% used [0x00000000ec200000,0x00000000ec200000,0x00000000ec400000)
 ParOldGen       total 68608K, used 15113K [0x00000000c0000000, 0x00000000c4300000, 0x00000000eab00000)
  object space 68608K, 22% used [0x00000000c0000000,0x00000000c0ec2428,0x00000000c4300000)
 Metaspace       used 45789K, committed 46720K, reserved 1114112K
  class space    used 4979K, committed 5376K, reserved 1048576K
}
Event: 3.832 GC heap after
{Heap after GC invocations=15 (full 2):
 PSYoungGen      total 24064K, used 1312K [0x00000000eab00000, 0x00000000ec580000, 0x0000000100000000)
  eden space 22016K, 0% used [0x00000000eab00000,0x00000000eab00000,0x00000000ec080000)
  from space 2048K, 64% used [0x00000000ec200000,0x00000000ec348000,0x00000000ec400000)
  to   space 1536K, 0% used [0x00000000ec400000,0x00000000ec400000,0x00000000ec580000)
 ParOldGen       total 68608K, used 16088K [0x00000000c0000000, 0x00000000c4300000, 0x00000000eab00000)
  object space 68608K, 23% used [0x00000000c0000000,0x00000000c0fb6128,0x00000000c4300000)
 Metaspace       used 45789K, committed 46720K, reserved 1114112K
  class space    used 4979K, committed 5376K, reserved 1048576K
}

