# JRE version: OpenJDK Runtime Environment Temurin-17.0.7+7 (17.0.7+7) (build 17.0.7+7)
# Java VM: OpenJDK 64-Bit Server VM Temurin-17.0.7+7 (17.0.7+7, mixed mode, tiered, compressed oops, compressed class ptrs, parallel gc, windows-amd64)
GC Precious Log:
 CPUs: 8 total, 8 available
 Memory: 16129M
 Large Page Support: Disabled
 NUMA Support: Disabled
 Compressed Oops: Enabled (32-bit)
 Alignments: Space 512K, Generation 512K, Heap 2M
 Heap Min Capacity: 100M
 Heap Initial Capacity: 100M
 Heap Max Capacity: 1G
 Pre-touch: Disabled
 Parallel Workers: 8
Heap:
 PSYoungGen      total 21504K, used 6241K [0x00000000eab00000, 0x00000000ec280000, 0x0000000100000000)
  eden space 18944K, 29% used [0x00000000eab00000,0x00000000eb082358,0x00000000ebd80000)
  from space 2560K, 23% used [0x00000000ebe80000,0x00000000ebf16248,0x00000000ec100000)
  to   space 1024K, 0% used [0x00000000ec180000,0x00000000ec180000,0x00000000ec280000)
 ParOldGen       total 68608K, used 25608K [0x00000000c0000000, 0x00000000c4300000, 0x00000000eab00000)
  object space 68608K, 37% used [0x00000000c0000000,0x00000000c1902038,0x00000000c4300000)
 Metaspace       used 52766K, committed 53760K, reserved 1114112K
  class space    used 5718K, committed 6144K, reserved 1048576K
GC Heap History (20 events):
Event: 2.547 GC heap before
{Heap before GC invocations=10 (full 1):
 PSYoungGen      total 26112K, used 9081K [0x00000000eab00000, 0x00000000ece00000, 0x0000000100000000)
  eden space 22528K, 24% used [0x00000000eab00000,0x00000000eb061490,0x00000000ec100000)
  from space 3584K, 99% used [0x00000000ec700000,0x00000000eca7cfa0,0x00000000eca80000)
  to   space 6144K, 0% used [0x00000000ec100000,0x00000000ec100000,0x00000000ec700000)
 ParOldGen       total 68608K, used 10033K [0x00000000c0000000, 0x00000000c4300000, 0x00000000eab00000)
  object space 68608K, 14% used [0x00000000c0000000,0x00000000c09cc610,0x00000000c4300000)
 Metaspace       used 34985K, committed 35840K, reserved 1114112K
  class space    used 3556K, committed 3904K, reserved 1048576K
}
Event: 2.548 GC heap after
{Heap after GC invocations=10 (full 1):
 PSYoungGen      total 24576K, used 1693K [0x00000000eab00000, 0x00000000ec800000, 0x0000000100000000)
  eden space 22528K, 0% used [0x00000000eab00000,0x00000000eab00000,0x00000000ec100000)
  from space 2048K, 82% used [0x00000000ec100000,0x00000000ec2a7788,0x00000000ec300000)
  to   space 3072K, 0% used [0x00000000ec500000,0x00000000ec500000,0x00000000ec800000)
 ParOldGen       total 68608K, used 12302K [0x00000000c0000000, 0x00000000c4300000, 0x00000000eab00000)
  object space 68608K, 17% used [0x00000000c0000000,0x00000000c0c03b80,0x00000000c4300000)
 Metaspace       used 34985K, committed 35840K, reserved 1114112K
  class space    used 3556K, committed 3904K, reserved 1048576K
}
Event: 2.548 GC heap before
{Heap before GC invocations=11 (full 2):
 PSYoungGen      total 24576K, used 1693K [0x00000000eab00000, 0x00000000ec800000, 0x0000000100000000)
  eden space 22528K, 0% used [0x00000000eab00000,0x00000000eab00000,0x00000000ec100000)
  from space 2048K, 82% used [0x00000000ec100000,0x00000000ec2a7788,0x00000000ec300000)
  to   space 3072K, 0% used [0x00000000ec500000,0x00000000ec500000,0x00000000ec800000)
 ParOldGen       total 68608K, used 12302K [0x00000000c0000000, 0x00000000c4300000, 0x00000000eab00000)
  object space 68608K, 17% used [0x00000000c0000000,0x00000000c0c03b80,0x00000000c4300000)
 Metaspace       used 34985K, committed 35840K, reserved 1114112K
  class space    used 3556K, committed 3904K, reserved 1048576K
}
Event: 2.564 GC heap after
{Heap after GC invocations=11 (full 2):
 PSYoungGen      total 24576K, used 0K [0x00000000eab00000, 0x00000000ec800000, 0x0000000100000000)
  eden space 22528K, 0% used [0x00000000eab00000,0x00000000eab00000,0x00000000ec100000)
  from space 2048K, 0% used [0x00000000ec100000,0x00000000ec100000,0x00000000ec300000)
  to   space 3072K, 0% used [0x00000000ec500000,0x00000000ec500000,0x00000000ec800000)
 ParOldGen       total 68608K, used 13595K [0x00000000c0000000, 0x00000000c4300000, 0x00000000eab00000)
  object space 68608K, 19% used [0x00000000c0000000,0x00000000c0d46ed0,0x00000000c4300000)
 Metaspace       used 34985K, committed 35840K, reserved 1114112K
  class space    used 3556K, committed 3904K, reserved 1048576K
}
Event: 2.744 GC heap before
{Heap before GC invocations=12 (full 2):
 PSYoungGen      total 24576K, used 22527K [0x00000000eab00000, 0x00000000ec800000, 0x0000000100000000)
  eden space 22528K, 99% used [0x00000000eab00000,0x00000000ec0fffe8,0x00000000ec100000)
  from space 2048K, 0% used [0x00000000ec100000,0x00000000ec100000,0x00000000ec300000)
  to   space 3072K, 0% used [0x00000000ec500000,0x00000000ec500000,0x00000000ec800000)
 ParOldGen       total 68608K, used 13595K [0x00000000c0000000, 0x00000000c4300000, 0x00000000eab00000)
  object space 68608K, 19% used [0x00000000c0000000,0x00000000c0d46ed0,0x00000000c4300000)
 Metaspace       used 38449K, committed 39296K, reserved 1114112K
  class space    used 4027K, committed 4416K, reserved 1048576K
}
Event: 2.746 GC heap after
{Heap after GC invocations=12 (full 2):
 PSYoungGen      total 23040K, used 1024K [0x00000000eab00000, 0x00000000ec600000, 0x0000000100000000)
  eden space 22016K, 0% used [0x00000000eab00000,0x00000000eab00000,0x00000000ec080000)
  from space 1024K, 100% used [0x00000000ec500000,0x00000000ec600000,0x00000000ec600000)
  to   space 1536K, 0% used [0x00000000ec300000,0x00000000ec300000,0x00000000ec480000)
 ParOldGen       total 68608K, used 13603K [0x00000000c0000000, 0x00000000c4300000, 0x00000000eab00000)
  object space 68608K, 19% used [0x00000000c0000000,0x00000000c0d48ed0,0x00000000c4300000)
 Metaspace       used 38449K, committed 39296K, reserved 1114112K
  class space    used 4027K, committed 4416K, reserved 1048576K
}
Event: 2.947 GC heap before
{Heap before GC invocations=13 (full 2):
 PSYoungGen      total 23040K, used 23040K [0x00000000eab00000, 0x00000000ec600000, 0x0000000100000000)
  eden space 22016K, 100% used [0x00000000eab00000,0x00000000ec080000,0x00000000ec080000)
  from space 1024K, 100% used [0x00000000ec500000,0x00000000ec600000,0x00000000ec600000)
  to   space 1536K, 0% used [0x00000000ec300000,0x00000000ec300000,0x00000000ec480000)
 ParOldGen       total 68608K, used 13603K [0x00000000c0000000, 0x00000000c4300000, 0x00000000eab00000)
  object space 68608K, 19% used [0x00000000c0000000,0x00000000c0d48ed0,0x00000000c4300000)
 Metaspace       used 40195K, committed 41088K, reserved 1114112K
  class space    used 4261K, committed 4672K, reserved 1048576K
}
Event: 2.948 GC heap after
{Heap after GC invocations=13 (full 2):
 PSYoungGen      total 23552K, used 672K [0x00000000eab00000, 0x00000000ec580000, 0x0000000100000000)
  eden space 22016K, 0% used [0x00000000eab00000,0x00000000eab00000,0x00000000ec080000)
  from space 1536K, 43% used [0x00000000ec300000,0x00000000ec3a8000,0x00000000ec480000)
  to   space 1024K, 0% used [0x00000000ec480000,0x00000000ec480000,0x00000000ec580000)
 ParOldGen       total 68608K, used 14524K [0x00000000c0000000, 0x00000000c4300000, 0x00000000eab00000)
  object space 68608K, 21% used [0x00000000c0000000,0x00000000c0e2f2d8,0x00000000c4300000)
 Metaspace       used 40195K, committed 41088K, reserved 1114112K
  class space    used 4261K, committed 4672K, reserved 1048576K
}
Event: 3.205 GC heap before
{Heap before GC invocations=14 (full 2):
 PSYoungGen      total 23552K, used 22688K [0x00000000eab00000, 0x00000000ec580000, 0x0000000100000000)
  eden space 22016K, 100% used [0x00000000eab00000,0x00000000ec080000,0x00000000ec080000)
  from space 1536K, 43% used [0x00000000ec300000,0x00000000ec3a8000,0x00000000ec480000)
  to   space 1024K, 0% used [0x00000000ec480000,0x00000000ec480000,0x00000000ec580000)
 ParOldGen       total 68608K, used 14524K [0x00000000c0000000, 0x00000000c4300000, 0x00000000eab00000)
  object space 68608K, 21% used [0x00000000c0000000,0x00000000c0e2f2d8,0x00000000c4300000)
 Metaspace       used 42884K, committed 43776K, reserved 1114112K
  class space    used 4616K, committed 4992K, reserved 1048576K
}
Event: 3.206 GC heap after
{Heap after GC invocations=14 (full 2):
 PSYoungGen      total 23040K, used 1024K [0x00000000eab00000, 0x00000000ec580000, 0x0000000100000000)
  eden space 22016K, 0% used [0x00000000eab00000,0x00000000eab00000,0x00000000ec080000)
  from space 1024K, 100% used [0x00000000ec480000,0x00000000ec580000,0x00000000ec580000)
  to   space 2048K, 0% used [0x00000000ec180000,0x00000000ec180000,0x00000000ec380000)
 ParOldGen       total 68608K, used 15060K [0x00000000c0000000, 0x00000000c4300000, 0x00000000eab00000)
  object space 68608K, 21% used [0x00000000c0000000,0x00000000c0eb52d8,0x00000000c4300000)
 Metaspace       used 42884K, committed 43776K, reserved 1114112K
  class space    used 4616K, committed 4992K, reserved 1048576K
}
Event: 3.520 GC heap before
{Heap before GC invocations=15 (full 2):
 PSYoungGen      total 23040K, used 23040K [0x00000000eab00000, 0x00000000ec580000, 0x0000000100000000)
  eden space 22016K, 100% used [0x00000000eab00000,0x00000000ec080000,0x00000000ec080000)
  from space 1024K, 100% used [0x00000000ec480000,0x00000000ec580000,0x00000000ec580000)
  to   space 2048K, 0% used [0x00000000ec180000,0x00000000ec180000,0x00000000ec380000)
 ParOldGen       total 68608K, used 15060K [0x00000000c0000000, 0x00000000c4300000, 0x00000000eab00000)
  object space 68608K, 21% used [0x00000000c0000000,0x00000000c0eb52d8,0x00000000c4300000)
 Metaspace       used 45814K, committed 46656K, reserved 1114112K
  class space    used 4979K, committed 5376K, reserved 1048576K
}
Event: 3.522 GC heap after
{Heap after GC invocations=15 (full 2):
 PSYoungGen      total 24064K, used 1344K [0x00000000eab00000, 0x00000000ec500000, 0x0000000100000000)
  eden space 22016K, 0% used [0x00000000eab00000,0x00000000eab00000,0x00000000ec080000)
  from space 2048K, 65% used [0x00000000ec180000,0x00000000ec2d0000,0x00000000ec380000)
  to   space 1536K, 0% used [0x00000000ec380000,0x00000000ec380000,0x00000000ec500000)
 ParOldGen       total 68608K, used 16036K [0x00000000c0000000, 0x00000000c4300000, 0x00000000eab00000)
  object space 68608K, 23% used [0x00000000c0000000,0x00000000c0fa92d8,0x00000000c4300000)
 Metaspace       used 45814K, committed 46656K, reserved 1114112K
  class space    used 4979K, committed 5376K, reserved 1048576K
}
Event: 3.716 GC heap before
{Heap before GC invocations=16 (full 2):
 PSYoungGen      total 24064K, used 23360K [0x00000000eab00000, 0x00000000ec500000, 0x0000000100000000)
  eden space 22016K, 100% used [0x00000000eab00000,0x00000000ec080000,0x00000000ec080000)
  from space 2048K, 65% used [0x00000000ec180000,0x00000000ec2d0000,0x00000000ec380000)
  to   space 1536K, 0% used [0x00000000ec380000,0x00000000ec380000,0x00000000ec500000)
 ParOldGen       total 68608K, used 16036K [0x00000000c0000000, 0x00000000c4300000, 0x00000000eab00000)
  object space 68608K, 23% used [0x00000000c0000000,0x00000000c0fa92d8,0x00000000c4300000)
 Metaspace       used 47752K, committed 48704K, reserved 1114112K
  class space    used 5215K, committed 5632K, reserved 1048576K
}
Event: 3.718 GC heap after
{Heap after GC invocations=16 (full 2):
 PSYoungGen      total 20480K, used 1535K [0x00000000eab00000, 0x00000000ecc80000, 0x0000000100000000)
  eden space 18944K, 0% used [0x00000000eab00000,0x00000000eab00000,0x00000000ebd80000)
  from space 1536K, 99% used [0x00000000ec380000,0x00000000ec4ffd68,0x00000000ec500000)
  to   space 6144K, 0% used [0x00000000ebd80000,0x00000000ebd80000,0x00000000ec380000)
 ParOldGen       total 68608K, used 19923K [0x00000000c0000000, 0x00000000c4300000, 0x00000000eab00000)
  object space 68608K, 29% used [0x00000000c0000000,0x00000000c1374f08,0x00000000c4300000)
 Metaspace       used 47752K, committed 48704K, reserved 1114112K
  class space    used 5215K, committed 5632K, reserved 1048576K
}
Event: 3.846 GC heap before
{Heap before GC invocations=17 (full 2):
 PSYoungGen      total 20480K, used 20479K [0x00000000eab00000, 0x00000000ecc80000, 0x0000000100000000)
  eden space 18944K, 100% used [0x00000000eab00000,0x00000000ebd80000,0x00000000ebd80000)
  from space 1536K, 99% used [0x00000000ec380000,0x00000000ec4ffd68,0x00000000ec500000)
  to   space 6144K, 0% used [0x00000000ebd80000,0x00000000ebd80000,0x00000000ec380000)
 ParOldGen       total 68608K, used 19923K [0x00000000c0000000, 0x00000000c4300000, 0x00000000eab00000)
  object space 68608K, 29% used [0x00000000c0000000,0x00000000c1374f08,0x00000000c4300000)
 Metaspace       used 48086K, committed 49088K, reserved 1114112K
  class space    used 5245K, committed 5696K, reserved 1048576K
}
Event: 3.848 GC heap after
{Heap after GC invocations=17 (full 2):
 PSYoungGen      total 22528K, used 3488K [0x00000000eab00000, 0x00000000ec680000, 0x0000000100000000)
  eden space 18944K, 0% used [0x00000000eab00000,0x00000000eab00000,0x00000000ebd80000)
  from space 3584K, 97% used [0x00000000ebd80000,0x00000000ec0e8000,0x00000000ec100000)
  to   space 4608K, 0% used [0x00000000ec200000,0x00000000ec200000,0x00000000ec680000)
 ParOldGen       total 68608K, used 21164K [0x00000000c0000000, 0x00000000c4300000, 0x00000000eab00000)
  object space 68608K, 30% used [0x00000000c0000000,0x00000000c14ab2c0,0x00000000c4300000)
 Metaspace       used 48086K, committed 49088K, reserved 1114112K
  class space    used 5245K, committed 5696K, reserved 1048576K
}
Event: 4.114 GC heap before
{Heap before GC invocations=18 (full 2):
 PSYoungGen      total 22528K, used 22408K [0x00000000eab00000, 0x00000000ec680000, 0x0000000100000000)
  eden space 18944K, 99% used [0x00000000eab00000,0x00000000ebd7a0c0,0x00000000ebd80000)
  from space 3584K, 97% used [0x00000000ebd80000,0x00000000ec0e8000,0x00000000ec100000)
  to   space 4608K, 0% used [0x00000000ec200000,0x00000000ec200000,0x00000000ec680000)
 ParOldGen       total 68608K, used 21164K [0x00000000c0000000, 0x00000000c4300000, 0x00000000eab00000)
  object space 68608K, 30% used [0x00000000c0000000,0x00000000c14ab2c0,0x00000000c4300000)
 Metaspace       used 50363K, committed 51328K, reserved 1114112K
  class space    used 5493K, committed 5952K, reserved 1048576K
}
Event: 4.121 GC heap after
{Heap after GC invocations=18 (full 2):
 PSYoungGen      total 20480K, used 1159K [0x00000000eab00000, 0x00000000ec380000, 0x0000000100000000)
  eden space 18944K, 0% used [0x00000000eab00000,0x00000000eab00000,0x00000000ebd80000)
  from space 1536K, 75% used [0x00000000ec200000,0x00000000ec321f60,0x00000000ec380000)
  to   space 2560K, 0% used [0x00000000ebe80000,0x00000000ebe80000,0x00000000ec100000)
 ParOldGen       total 68608K, used 24569K [0x00000000c0000000, 0x00000000c4300000, 0x00000000eab00000)
  object space 68608K, 35% used [0x00000000c0000000,0x00000000c17fe450,0x00000000c4300000)
 Metaspace       used 50363K, committed 51328K, reserved 1114112K
  class space    used 5493K, committed 5952K, reserved 1048576K
}
Event: 4.351 GC heap before
{Heap before GC invocations=19 (full 2):
 PSYoungGen      total 20480K, used 20087K [0x00000000eab00000, 0x00000000ec380000, 0x0000000100000000)
  eden space 18944K, 99% used [0x00000000eab00000,0x00000000ebd7c050,0x00000000ebd80000)
  from space 1536K, 75% used [0x00000000ec200000,0x00000000ec321f60,0x00000000ec380000)
  to   space 2560K, 0% used [0x00000000ebe80000,0x00000000ebe80000,0x00000000ec100000)
 ParOldGen       total 68608K, used 24569K [0x00000000c0000000, 0x00000000c4300000, 0x00000000eab00000)
  object space 68608K, 35% used [0x00000000c0000000,0x00000000c17fe450,0x00000000c4300000)
 Metaspace       used 52165K, committed 53184K, reserved 1114112K
  class space    used 5660K, committed 6080K, reserved 1048576K
}
Event: 4.352 GC heap after
{Heap after GC invocations=19 (full 2):
 PSYoungGen      total 21504K, used 600K [0x00000000eab00000, 0x00000000ec280000, 0x0000000100000000)
  eden space 18944K, 0% used [0x00000000eab00000,0x00000000eab00000,0x00000000ebd80000)
  from space 2560K, 23% used [0x00000000ebe80000,0x00000000ebf16248,0x00000000ec100000)
  to   space 1024K, 0% used [0x00000000ec180000,0x00000000ec180000,0x00000000ec280000)
 ParOldGen       total 68608K, used 25608K [0x00000000c0000000, 0x00000000c4300000, 0x00000000eab00000)
  object space 68608K, 37% used [0x00000000c0000000,0x00000000c1902038,0x00000000c4300000)
 Metaspace       used 52165K, committed 53184K, reserved 1114112K
  class space    used 5660K, committed 6080K, reserved 1048576K
}

